<?xml version="1.0" encoding="UTF-8"?>
<testsuite xmlns:xsi="http://www.w3.org/2001/XMLSchema-instance" xsi:noNamespaceSchemaLocation="https://maven.apache.org/surefire/maven-surefire-plugin/xsd/surefire-test-report.xsd" name="in.sri.httpLoginTest.TestHttpLogin" time="0.183" tests="3" errors="3" skipped="0" failures="0">
  <properties>
[...]
</properties>
  <testcase name="testWithInvalidCredentials" classname="in.sri.httpLoginTest.TestHttpLogin" time="0.05">
    <error message="Connection refused: connect" type="java.net.ConnectException">java.net.ConnectException: Connection refused: connect
	at in.sri.httpLoginTest.TestHttpLogin.testWithInvalidCredentials(TestHttpLogin.java:58)
Caused by: java.net.ConnectException: Connection refused: connect
	at in.sri.httpLoginTest.TestHttpLogin.testWithInvalidCredentials(TestHttpLogin.java:58)
</error>
    <system-out><![CDATA[LoginTest.testWithInvalidCredentials()
]]></system-out>
  </testcase>
  <testcase name="testWithNoInputs" classname="in.sri.httpLoginTest.TestHttpLogin" time="0.001">
    <error message="Connection refused: connect" type="java.net.ConnectException">java.net.ConnectException: Connection refused: connect
	at in.sri.httpLoginTest.TestHttpLogin.testWithNoInputs(TestHttpLogin.java:85)
Caused by: java.net.ConnectException: Connection refused: connect
	at in.sri.httpLoginTest.TestHttpLogin.testWithNoInputs(TestHttpLogin.java:85)
</error>
    <system-out><![CDATA[LoginTest.testWithNoInputs()
]]></system-out>
  </testcase>
  <testcase name="testWithValidCredentials" classname="in.sri.httpLoginTest.TestHttpLogin" time="0.002">
    <error message="Connection refused: connect" type="java.net.ConnectException">java.net.ConnectException: Connection refused: connect
	at in.sri.httpLoginTest.TestHttpLogin.testWithValidCredentials(TestHttpLogin.java:32)
Caused by: java.net.ConnectException: Connection refused: connect
	at in.sri.httpLoginTest.TestHttpLogin.testWithValidCredentials(TestHttpLogin.java:32)
</error>
    <system-out><![CDATA[LoginTest.testWithValidCredentials()
]]></system-out>
  </testcase>
</testsuite>