-------------------------------------------------------------------------------
Test set: in.sri.httpLoginTest.TestHttpLogin
-------------------------------------------------------------------------------
Tests run: 3, Failures: 0, Errors: 3, Skipped: 0, Time elapsed: 0.183 s <<< FAILURE! - in in.sri.httpLoginTest.TestHttpLogin
testWithInvalidCredentials  Time elapsed: 0.05 s  <<< ERROR!
java.net.ConnectException: Connection refused: connect
	at in.sri.httpLoginTest.TestHttpLogin.testWithInvalidCredentials(TestHttpLogin.java:58)
Caused by: java.net.ConnectException: Connection refused: connect
	at in.sri.httpLoginTest.TestHttpLogin.testWithInvalidCredentials(TestHttpLogin.java:58)

testWithNoInputs  Time elapsed: 0.001 s  <<< ERROR!
java.net.ConnectException: Connection refused: connect
	at in.sri.httpLoginTest.TestHttpLogin.testWithNoInputs(TestHttpLogin.java:85)
Caused by: java.net.ConnectException: Connection refused: connect
	at in.sri.httpLoginTest.TestHttpLogin.testWithNoInputs(TestHttpLogin.java:85)

testWithValidCredentials  Time elapsed: 0.002 s  <<< ERROR!
java.net.ConnectException: Connection refused: connect
	at in.sri.httpLoginTest.TestHttpLogin.testWithValidCredentials(TestHttpLogin.java:32)
Caused by: java.net.ConnectException: Connection refused: connect
	at in.sri.httpLoginTest.TestHttpLogin.testWithValidCredentials(TestHttpLogin.java:32)

